SF:lib\src\kv_storage_shared_preferences.dart
DA:17,1
DA:26,0
DA:38,0
DA:41,0
DA:42,0
DA:45,0
DA:54,1
DA:57,2
DA:61,1
DA:65,1
DA:69,1
DA:72,2
DA:76,1
DA:79,2
DA:81,1
DA:85,1
DA:89,1
DA:92,2
DA:94,1
DA:98,1
DA:102,1
DA:108,2
DA:112,1
DA:115,2
DA:117,1
DA:121,1
DA:125,1
DA:128,2
DA:130,1
DA:134,1
DA:138,1
DA:141,2
DA:145,1
DA:149,3
DA:150,1
DA:152,2
DA:154,1
DA:158,1
DA:162,1
DA:165,2
DA:167,1
DA:171,1
DA:175,1
DA:178,2
DA:182,1
DA:186,1
DA:187,1
DA:190,1
DA:191,1
DA:193,2
DA:195,1
DA:199,1
DA:203,1
DA:212,2
DA:219,1
DA:223,1
DA:227,1
DA:230,2
DA:236,1
LF:59
LH:54
end_of_record
